<?xml version="1.0" encoding="UTF-8"?>
<!-- Generated by org.testng.reporters.JUnitReportReporter -->
<testsuite hostname="LTIN496259" failures="0" tests="1" name="E2E_Testcases.TC308_P0_E2E_MaterialCreation_SundriesPackaging" time="185.734" errors="0" timestamp="2025-04-30T03:39:53 IST" skipped="0">
  <testcase classname="E2E_Testcases.TC308_P0_E2E_MaterialCreation_SundriesPackaging" name="P0_TC07_E2E_MaterialCreation_SundriesPackaging" time="185.734"/>
</testsuite> <!-- E2E_Testcases.TC308_P0_E2E_MaterialCreation_SundriesPackaging -->
