<?xml version="1.0" encoding="UTF-8"?>
<!-- Generated by org.testng.reporters.JUnitReportReporter -->
<testsuite hostname="LTIN496259" failures="0" tests="1" name="E2E_Testcases.easytest" time="53.871" errors="0" timestamp="2025-04-30T05:12:09 IST" skipped="0">
  <testcase classname="E2E_Testcases.easytest" name="P0_TC_292_E2E_CreateColors_Solid" time="53.871"/>
</testsuite> <!-- E2E_Testcases.easytest -->
