<?xml version="1.0" encoding="UTF-8"?>
<!-- Generated by org.testng.reporters.JUnitReportReporter -->
<testsuite hostname="LTIN529064" failures="0" tests="1" name="P2_TestCases.TC03_P2_Color_UploadPrintsandpatternsThumbnail" time="95.264" errors="0" timestamp="2024-10-11T12:57:02 IST" skipped="0">
  <testcase classname="P2_TestCases.TC03_P2_Color_UploadPrintsandpatternsThumbnail" name="P2_TC03_UploadthumbnailPrintsPatterncolor" time="95.264"/>
</testsuite> <!-- P2_TestCases.TC03_P2_Color_UploadPrintsandpatternsThumbnail -->
